<?xml version="1.0" encoding="UTF-8"?>
<!-- Generated by org.testng.reporters.JUnitXMLReporter -->
<testsuite hostname="Pune-Laptop37" ignored="0" name="Test" tests="1" failures="1" timestamp="16 Nov 2019 15:01:39 GMT" time="15.908" errors="0">
  <testcase name="loginApp" time="0.055" classname="com.automation.testCases.LoginTestBank">
    <failure type="java.lang.NullPointerException">
      <![CDATA[java.lang.NullPointerException
at com.automation.testCases.LoginTestBank.loginApp(LoginTestBank.java:22)
... Removed 25 stack frames]]>
    </failure>
  </testcase> <!-- loginApp -->
</testsuite> <!-- Test -->
