<?xml version="1.0" encoding="UTF-8"?>
<testng-results skipped="0" failed="0" ignored="0" total="1" passed="1">
  <reporter-output>
    <line>
      <![CDATA[setting up report is ready]]>
    </line>
    <line>
      <![CDATA[Setting is done -test Can be statred]]>
    </line>
    <line>
      <![CDATA[Browser and application is up and running]]>
    </line>
    <line>
      <![CDATA[Report  is done->Test is completed]]>
    </line>
  </reporter-output>
  <suite name="Default suite" duration-ms="22393" started-at="2019-11-17T04:49:01Z" finished-at="2019-11-17T04:49:24Z">
    <groups>
    </groups>
    <test name="Default test" duration-ms="22393" started-at="2019-11-17T04:49:01Z" finished-at="2019-11-17T04:49:24Z">
      <class name="com.automation.testCases.LoginTestBank">
        <test-method status="PASS" signature="setupSuite()[pri:0, instance:com.automation.testCases.LoginTestBank@16ec5519]" name="setupSuite" is-config="true" duration-ms="547" started-at="2019-11-17T04:49:01Z" finished-at="2019-11-17T04:49:01Z">
          <reporter-output>
            <line>
              <![CDATA[setting up report is ready]]>
            </line>
            <line>
              <![CDATA[Setting is done -test Can be statred]]>
            </line>
          </reporter-output>
        </test-method> <!-- setupSuite -->
        <test-method status="PASS" signature="setUp()[pri:0, instance:com.automation.testCases.LoginTestBank@16ec5519]" name="setUp" is-config="true" duration-ms="16435" started-at="2019-11-17T04:49:01Z" finished-at="2019-11-17T04:49:18Z">
          <reporter-output>
            <line>
              <![CDATA[Browser and application is up and running]]>
            </line>
          </reporter-output>
        </test-method> <!-- setUp -->
        <test-method status="PASS" signature="loginApp()[pri:1, instance:com.automation.testCases.LoginTestBank@16ec5519]" name="loginApp" duration-ms="3257" started-at="2019-11-17T04:49:18Z" finished-at="2019-11-17T04:49:21Z">
          <reporter-output>
          </reporter-output>
        </test-method> <!-- loginApp -->
        <test-method status="PASS" signature="tearDownMethod(org.testng.ITestResult)[pri:0, instance:com.automation.testCases.LoginTestBank@16ec5519]" name="tearDownMethod" is-config="true" duration-ms="1403" started-at="2019-11-17T04:49:21Z" finished-at="2019-11-17T04:49:23Z">
          <params>
            <param index="0">
              <value>
                <![CDATA[[TestResult name=loginApp status=SUCCESS method=LoginTestBank.loginApp()[pri:1, instance:com.automation.testCases.LoginTestBank@16ec5519] output={null}]]]>
              </value>
            </param>
          </params>
          <reporter-output>
            <line>
              <![CDATA[Report  is done->Test is completed]]>
            </line>
          </reporter-output>
        </test-method> <!-- tearDownMethod -->
        <test-method status="PASS" signature="tearDown()[pri:0, instance:com.automation.testCases.LoginTestBank@16ec5519]" name="tearDown" is-config="true" duration-ms="1252" started-at="2019-11-17T04:49:23Z" finished-at="2019-11-17T04:49:24Z">
          <reporter-output>
          </reporter-output>
        </test-method> <!-- tearDown -->
      </class> <!-- com.automation.testCases.LoginTestBank -->
    </test> <!-- Default test -->
  </suite> <!-- Default suite -->
</testng-results>
